<?xml version="1.0" encoding="UTF-8"?>
<testsuite xmlns:xsi="http://www.w3.org/2001/XMLSchema-instance" xsi:noNamespaceSchemaLocation="https://maven.apache.org/surefire/maven-surefire-plugin/xsd/surefire-test-report.xsd" name="com.example.sonarqubesearch.UserRepositoryTest" time="2.86" tests="2" errors="0" skipped="0" failures="0">
  <properties>
[...]
</properties>
  <testcase name="findByEmail" classname="com.example.sonarqubesearch.UserRepositoryTest" time="0.426"/>
  <testcase name="injectedComponentsAreNotNull" classname="com.example.sonarqubesearch.UserRepositoryTest" time="0.41"/>
</testsuite>